22:10:01 INFO  DeviceCount: 1
22:10:01 INFO  Device 0: NVIDIA GeForce RTX 4090 (discrete, mesh shader: yes)
22:10:01 INFO  CDF reconstruct: fp16
22:10:01 INFO  Selected device: NVIDIA GeForce RTX 4090
22:10:01 INFO  MSAA samples used: 4
22:10:01 INFO  Enabling 3 device extensions (mesh shader: yes)
22:10:01 INFO  Async Hi-Z build: on (dedicated compute queue)
22:10:01 INFO  Async light-cull: on (split submit, overlaps shadows)
22:10:01 INFO  Task meshlet cull: on (frustum+cone, Hi-Z with occlusion toggle)
22:10:01 INFO  Text overlay: enabled (pending font init)
22:10:01 INFO  Async text raster: on (lag-0 compute lane)
22:10:01 INFO  UI overlay: enabled
22:10:01 INFO  Bindless texture array: maxTextures = 4096 (device update-after-bind limit 1048576)
22:10:01 INFO  text: FreeType 2.13.3 ready (module-heap backed)
22:10:01 INFO  text: loaded memory face (974 glyphs, upem 1000)
22:10:01 INFO  text: loaded memory face (431 glyphs, upem 1000)
22:10:01 INFO  text: loaded memory face (3884 glyphs, upem 1000)
22:10:01 INFO  Text overlay: on (776 glyphs, 40511 curve points, 182.5 KiB static, 30 instances, async lane, world panel)
22:10:01 INFO  UI overlay: tables resident (1785 KiB x3 slots)
22:10:03 INFO  Instance creation complete!
22:10:03 INFO  [frame] 658.5 fps  1.519 ms wall
22:10:03 INFO  [frametime] n=128 min=0.790 p50=1.375 p90=1.969 p99=2.885 p999=3.076 max=3.101 ms
22:10:03 INFO  [profile mode=SHADOWMAP res=800x600] GPU ms: upload=0.001 compute=0.048 shadow=0.597 (frusta 26.0/42) lighting=0.274 composite=0.014 total=0.934 | VRAM MiB: gpu=563.8 tex=442.8 swap=87.8 staging=0.0 | shadowAtlas(resident)=378.0
22:10:04 INFO  [frame] 667.9 fps  1.497 ms wall
22:10:04 INFO  [frametime] n=128 min=0.510 p50=1.379 p90=1.805 p99=2.922 p999=3.988 max=4.133 ms
22:10:04 INFO  [profile mode=SHADOWMAP res=800x600] GPU ms: upload=0.001 compute=0.046 shadow=0.577 (frusta 26.0/42) lighting=0.267 composite=0.014 total=0.906 | VRAM MiB: gpu=563.8 tex=442.8 swap=87.8 staging=0.0 | shadowAtlas(resident)=378.0
22:10:04 INFO  [frame] 657.4 fps  1.521 ms wall
22:10:04 INFO  [frametime] n=128 min=0.580 p50=1.375 p90=2.123 p99=2.736 p999=3.146 max=3.199 ms
22:10:04 INFO  [profile mode=SHADOWMAP res=800x600] GPU ms: upload=0.001 compute=0.047 shadow=0.579 (frusta 26.0/42) lighting=0.259 composite=0.014 total=0.899 | VRAM MiB: gpu=563.8 tex=442.8 swap=87.8 staging=0.0 | shadowAtlas(resident)=378.0
22:10:04 INFO  [frame] 692.7 fps  1.444 ms wall
22:10:04 INFO  [frametime] n=128 min=0.521 p50=1.343 p90=1.830 p99=2.807 p999=2.865 max=2.869 ms
22:10:04 INFO  [profile mode=SHADOWMAP res=800x600] GPU ms: upload=0.001 compute=0.047 shadow=0.563 (frusta 26.0/42) lighting=0.258 composite=0.014 total=0.882 | VRAM MiB: gpu=563.8 tex=442.8 swap=87.8 staging=0.0 | shadowAtlas(resident)=378.0
22:10:04 INFO  [frame] 675.3 fps  1.481 ms wall
22:10:04 INFO  [frametime] n=128 min=0.517 p50=1.375 p90=2.033 p99=2.634 p999=2.659 max=2.662 ms
22:10:04 INFO  [profile mode=SHADOWMAP res=800x600] GPU ms: upload=0.001 compute=0.046 shadow=0.559 (frusta 26.0/42) lighting=0.256 composite=0.014 total=0.875 | VRAM MiB: gpu=563.8 tex=442.8 swap=87.8 staging=0.0 | shadowAtlas(resident)=378.0
22:10:04 INFO  [frame] 684.9 fps  1.460 ms wall
22:10:04 INFO  [frametime] n=128 min=0.610 p50=1.341 p90=1.776 p99=2.780 p999=2.991 max=3.020 ms
22:10:04 INFO  [profile mode=SHADOWMAP res=800x600] GPU ms: upload=0.001 compute=0.046 shadow=0.564 (frusta 26.0/42) lighting=0.253 composite=0.014 total=0.878 | VRAM MiB: gpu=563.8 tex=442.8 swap=87.8 staging=0.0 | shadowAtlas(resident)=378.0
22:10:05 INFO  [frame] 689.2 fps  1.451 ms wall
22:10:05 INFO  [frametime] n=128 min=0.533 p50=1.339 p90=1.807 p99=2.891 p999=2.984 max=2.995 ms
22:10:05 INFO  [profile mode=SHADOWMAP res=800x600] GPU ms: upload=0.001 compute=0.047 shadow=0.579 (frusta 26.0/42) lighting=0.250 composite=0.014 total=0.890 | VRAM MiB: gpu=563.8 tex=442.8 swap=87.8 staging=0.0 | shadowAtlas(resident)=378.0
22:10:05 INFO  [frame] 661.4 fps  1.512 ms wall
22:10:05 INFO  [frametime] n=128 min=0.544 p50=1.405 p90=2.091 p99=2.861 p999=3.322 max=3.384 ms
22:10:05 INFO  [profile mode=SHADOWMAP res=800x600] GPU ms: upload=0.001 compute=0.047 shadow=0.565 (frusta 26.0/42) lighting=0.250 composite=0.014 total=0.876 | VRAM MiB: gpu=563.8 tex=442.8 swap=87.8 staging=0.0 | shadowAtlas(resident)=378.0
22:10:05 INFO  [frame] 663.3 fps  1.508 ms wall
22:10:05 INFO  [frametime] n=128 min=0.527 p50=1.386 p90=2.264 p99=2.696 p999=3.052 max=3.102 ms
22:10:05 INFO  [profile mode=SHADOWMAP res=800x600] GPU ms: upload=0.001 compute=0.047 shadow=0.584 (frusta 26.0/42) lighting=0.251 composite=0.014 total=0.896 | VRAM MiB: gpu=563.8 tex=442.8 swap=87.8 staging=0.0 | shadowAtlas(resident)=378.0
22:10:05 INFO  [frame] 666.5 fps  1.500 ms wall
22:10:05 INFO  [frametime] n=128 min=0.641 p50=1.373 p90=2.026 p99=2.623 p999=2.791 max=2.813 ms
22:10:05 INFO  [profile mode=SHADOWMAP res=800x600] GPU ms: upload=0.001 compute=0.046 shadow=0.562 (frusta 26.0/42) lighting=0.254 composite=0.014 total=0.876 | VRAM MiB: gpu=563.8 tex=442.8 swap=87.8 staging=0.0 | shadowAtlas(resident)=378.0
22:10:05 INFO  [frame] 667.4 fps  1.498 ms wall
22:10:05 INFO  [frametime] n=128 min=0.503 p50=1.356 p90=2.041 p99=3.211 p999=3.391 max=3.409 ms
22:10:05 INFO  [profile mode=SHADOWMAP res=800x600] GPU ms: upload=0.001 compute=0.047 shadow=0.572 (frusta 26.0/42) lighting=0.257 composite=0.014 total=0.891 | VRAM MiB: gpu=563.8 tex=442.8 swap=87.8 staging=0.0 | shadowAtlas(resident)=378.0
22:10:06 INFO  [frame] 664.3 fps  1.505 ms wall
22:10:06 INFO  [frametime] n=128 min=0.509 p50=1.395 p90=2.037 p99=3.018 p999=3.187 max=3.211 ms
22:10:06 INFO  [profile mode=SHADOWMAP res=800x600] GPU ms: upload=0.001 compute=0.047 shadow=0.576 (frusta 26.0/42) lighting=0.262 composite=0.014 total=0.900 | VRAM MiB: gpu=563.8 tex=442.8 swap=87.8 staging=0.0 | shadowAtlas(resident)=378.0
22:10:06 INFO  [frame] 670.4 fps  1.492 ms wall
22:10:06 INFO  [frametime] n=128 min=0.558 p50=1.391 p90=2.310 p99=2.821 p999=2.997 max=3.013 ms
22:10:06 INFO  [profile mode=SHADOWMAP res=800x600] GPU ms: upload=0.001 compute=0.047 shadow=0.591 (frusta 26.0/42) lighting=0.264 composite=0.014 total=0.916 | VRAM MiB: gpu=563.8 tex=442.8 swap=87.8 staging=0.0 | shadowAtlas(resident)=378.0
22:10:06 INFO  [frame] 658.3 fps  1.519 ms wall
22:10:06 INFO  [frametime] n=128 min=0.531 p50=1.391 p90=2.027 p99=3.065 p999=3.233 max=3.253 ms
22:10:06 INFO  [profile mode=SHADOWMAP res=800x600] GPU ms: upload=0.001 compute=0.048 shadow=0.585 (frusta 26.0/42) lighting=0.265 composite=0.014 total=0.912 | VRAM MiB: gpu=563.8 tex=442.8 swap=87.8 staging=0.0 | shadowAtlas(resident)=378.0
22:10:06 INFO  [frame] 661.5 fps  1.512 ms wall
22:10:06 INFO  [frametime] n=128 min=0.493 p50=1.433 p90=2.185 p99=2.660 p999=3.143 max=3.213 ms
22:10:06 INFO  [profile mode=SHADOWMAP res=800x600] GPU ms: upload=0.001 compute=0.047 shadow=0.582 (frusta 26.0/42) lighting=0.264 composite=0.014 total=0.907 | VRAM MiB: gpu=563.8 tex=442.8 swap=87.8 staging=0.0 | shadowAtlas(resident)=378.0
22:10:06 INFO  [frame] 655.6 fps  1.525 ms wall
22:10:06 INFO  [frametime] n=128 min=0.534 p50=1.396 p90=2.095 p99=3.226 p999=3.631 max=3.688 ms
22:10:06 INFO  [profile mode=SHADOWMAP res=800x600] GPU ms: upload=0.001 compute=0.047 shadow=0.598 (frusta 26.0/42) lighting=0.264 composite=0.014 total=0.924 | VRAM MiB: gpu=563.8 tex=442.8 swap=87.8 staging=0.0 | shadowAtlas(resident)=378.0
22:10:06 INFO  [frame] 675.1 fps  1.481 ms wall
22:10:06 INFO  [frametime] n=128 min=0.439 p50=1.399 p90=1.894 p99=2.758 p999=3.375 max=3.460 ms
22:10:06 INFO  [profile mode=SHADOWMAP res=800x600] GPU ms: upload=0.001 compute=0.047 shadow=0.558 (frusta 26.0/42) lighting=0.265 composite=0.014 total=0.883 | VRAM MiB: gpu=563.8 tex=442.8 swap=87.8 staging=0.0 | shadowAtlas(resident)=378.0
22:10:07 INFO  [frame] 672.3 fps  1.487 ms wall
22:10:07 INFO  [frametime] n=128 min=0.526 p50=1.389 p90=2.114 p99=2.979 p999=3.111 max=3.129 ms
22:10:07 INFO  [profile mode=SHADOWMAP res=800x600] GPU ms: upload=0.001 compute=0.047 shadow=0.582 (frusta 26.0/42) lighting=0.266 composite=0.014 total=0.909 | VRAM MiB: gpu=563.8 tex=442.8 swap=87.8 staging=0.0 | shadowAtlas(resident)=378.0
22:10:07 INFO  [frame] 662.7 fps  1.509 ms wall
22:10:07 INFO  [frametime] n=128 min=0.565 p50=1.401 p90=2.087 p99=2.868 p999=3.280 max=3.336 ms
22:10:07 INFO  [profile mode=SHADOWMAP res=800x600] GPU ms: upload=0.001 compute=0.047 shadow=0.580 (frusta 26.0/42) lighting=0.268 composite=0.014 total=0.910 | VRAM MiB: gpu=563.8 tex=442.8 swap=87.8 staging=0.0 | shadowAtlas(resident)=378.0
22:10:07 INFO  [frame] 653.8 fps  1.530 ms wall
22:10:07 INFO  [frametime] n=128 min=0.498 p50=1.388 p90=2.045 p99=2.897 p999=3.158 max=3.186 ms
22:10:07 INFO  [profile mode=SHADOWMAP res=800x600] GPU ms: upload=0.001 compute=0.047 shadow=0.565 (frusta 26.0/42) lighting=0.271 composite=0.014 total=0.898 | VRAM MiB: gpu=563.8 tex=442.8 swap=87.8 staging=0.0 | shadowAtlas(resident)=378.0
22:10:07 INFO  [frame] 656.6 fps  1.523 ms wall
22:10:07 INFO  [frametime] n=128 min=0.547 p50=1.431 p90=2.144 p99=2.997 p999=3.223 max=3.250 ms
22:10:07 INFO  [profile mode=SHADOWMAP res=800x600] GPU ms: upload=0.001 compute=0.047 shadow=0.569 (frusta 26.0/42) lighting=0.273 composite=0.014 total=0.903 | VRAM MiB: gpu=563.8 tex=442.8 swap=87.8 staging=0.0 | shadowAtlas(resident)=378.0
22:10:07 INFO  [frame] 658.0 fps  1.520 ms wall
22:10:07 INFO  [frametime] n=128 min=0.490 p50=1.437 p90=2.163 p99=2.795 p999=3.578 max=3.687 ms
22:10:07 INFO  [profile mode=SHADOWMAP res=800x600] GPU ms: upload=0.001 compute=0.047 shadow=0.583 (frusta 26.0/42) lighting=0.273 composite=0.014 total=0.917 | VRAM MiB: gpu=563.8 tex=442.8 swap=87.8 staging=0.0 | shadowAtlas(resident)=378.0
22:10:08 INFO  [frame] 661.0 fps  1.513 ms wall
22:10:08 INFO  [frametime] n=128 min=0.508 p50=1.427 p90=2.337 p99=3.253 p999=3.454 max=3.483 ms
22:10:08 INFO  [profile mode=SHADOWMAP res=800x600] GPU ms: upload=0.001 compute=0.047 shadow=0.614 (frusta 26.0/42) lighting=0.273 composite=0.014 total=0.948 | VRAM MiB: gpu=563.8 tex=442.8 swap=87.8 staging=0.0 | shadowAtlas(resident)=378.0
22:10:08 INFO  [frame] 643.8 fps  1.553 ms wall
22:10:08 INFO  [frametime] n=128 min=0.581 p50=1.411 p90=2.328 p99=3.090 p999=3.246 max=3.261 ms
22:10:08 INFO  [profile mode=SHADOWMAP res=800x600] GPU ms: upload=0.001 compute=0.047 shadow=0.612 (frusta 26.0/42) lighting=0.269 composite=0.014 total=0.942 | VRAM MiB: gpu=563.8 tex=442.8 swap=87.8 staging=0.0 | shadowAtlas(resident)=378.0
22:10:08 INFO  [frame] 666.1 fps  1.501 ms wall
22:10:08 INFO  [frametime] n=128 min=0.559 p50=1.442 p90=2.311 p99=3.287 p999=3.496 max=3.520 ms
22:10:08 INFO  [profile mode=SHADOWMAP res=800x600] GPU ms: upload=0.001 compute=0.046 shadow=0.612 (frusta 26.0/42) lighting=0.263 composite=0.014 total=0.936 | VRAM MiB: gpu=563.8 tex=442.8 swap=87.8 staging=0.0 | shadowAtlas(resident)=378.0
22:10:08 INFO  [frame] 657.6 fps  1.521 ms wall
22:10:08 INFO  [frametime] n=128 min=0.529 p50=1.416 p90=2.165 p99=2.946 p999=3.030 max=3.036 ms
22:10:08 INFO  [profile mode=SHADOWMAP res=800x600] GPU ms: upload=0.001 compute=0.047 shadow=0.600 (frusta 26.0/42) lighting=0.261 composite=0.014 total=0.922 | VRAM MiB: gpu=563.8 tex=442.8 swap=87.8 staging=0.0 | shadowAtlas(resident)=378.0
22:10:08 INFO  [frame] 649.9 fps  1.539 ms wall
22:10:08 INFO  [frametime] n=128 min=0.563 p50=1.425 p90=2.178 p99=3.084 p999=3.209 max=3.218 ms
22:10:08 INFO  [profile mode=SHADOWMAP res=800x600] GPU ms: upload=0.001 compute=0.047 shadow=0.599 (frusta 26.0/42) lighting=0.260 composite=0.014 total=0.921 | VRAM MiB: gpu=563.8 tex=442.8 swap=87.8 staging=0.0 | shadowAtlas(resident)=378.0
22:10:09 INFO  [frame] 664.7 fps  1.504 ms wall
22:10:09 INFO  [frametime] n=128 min=0.542 p50=1.448 p90=2.271 p99=2.830 p999=2.931 max=2.944 ms
22:10:09 INFO  [profile mode=SHADOWMAP res=800x600] GPU ms: upload=0.001 compute=0.046 shadow=0.608 (frusta 26.0/42) lighting=0.259 composite=0.014 total=0.928 | VRAM MiB: gpu=563.8 tex=442.8 swap=87.8 staging=0.0 | shadowAtlas(resident)=378.0
22:10:09 INFO  [frame] 661.4 fps  1.512 ms wall
22:10:09 INFO  [frametime] n=128 min=0.541 p50=1.426 p90=2.094 p99=3.012 p999=3.363 max=3.409 ms
22:10:09 INFO  [profile mode=SHADOWMAP res=800x600] GPU ms: upload=0.001 compute=0.046 shadow=0.590 (frusta 26.0/42) lighting=0.258 composite=0.014 total=0.909 | VRAM MiB: gpu=563.8 tex=442.8 swap=87.8 staging=0.0 | shadowAtlas(resident)=378.0
22:10:09 INFO  [frame] 649.2 fps  1.540 ms wall
22:10:09 INFO  [frametime] n=128 min=0.528 p50=1.444 p90=2.192 p99=2.850 p999=2.906 max=2.914 ms
22:10:09 INFO  [profile mode=SHADOWMAP res=800x600] GPU ms: upload=0.001 compute=0.047 shadow=0.580 (frusta 26.0/42) lighting=0.259 composite=0.014 total=0.900 | VRAM MiB: gpu=563.8 tex=442.8 swap=87.8 staging=0.0 | shadowAtlas(resident)=378.0
22:10:09 INFO  [frame] 661.9 fps  1.511 ms wall
22:10:09 INFO  [frametime] n=128 min=0.535 p50=1.431 p90=2.154 p99=3.164 p999=3.485 max=3.526 ms
22:10:09 INFO  [profile mode=SHADOWMAP res=800x600] GPU ms: upload=0.001 compute=0.047 shadow=0.599 (frusta 26.0/42) lighting=0.258 composite=0.014 total=0.918 | VRAM MiB: gpu=563.8 tex=442.8 swap=87.8 staging=0.0 | shadowAtlas(resident)=378.0
22:10:09 INFO  [frame] 651.4 fps  1.535 ms wall
22:10:09 INFO  [frametime] n=128 min=0.539 p50=1.447 p90=2.293 p99=2.881 p999=2.958 max=2.966 ms
22:10:09 INFO  [profile mode=SHADOWMAP res=800x600] GPU ms: upload=0.001 compute=0.047 shadow=0.583 (frusta 26.0/42) lighting=0.259 composite=0.014 total=0.903 | VRAM MiB: gpu=563.8 tex=442.8 swap=87.8 staging=0.0 | shadowAtlas(resident)=378.0
22:10:10 INFO  [frame] 665.3 fps  1.503 ms wall
22:10:10 INFO  [frametime] n=128 min=0.518 p50=1.431 p90=2.041 p99=3.122 p999=3.202 max=3.212 ms
22:10:10 INFO  [profile mode=SHADOWMAP res=800x600] GPU ms: upload=0.001 compute=0.047 shadow=0.596 (frusta 26.0/42) lighting=0.257 composite=0.014 total=0.915 | VRAM MiB: gpu=563.8 tex=442.8 swap=87.8 staging=0.0 | shadowAtlas(resident)=378.0
22:10:10 INFO  [frame] 650.3 fps  1.538 ms wall
22:10:10 INFO  [frametime] n=128 min=0.514 p50=1.421 p90=2.368 p99=3.227 p999=3.387 max=3.400 ms
22:10:10 INFO  [profile mode=SHADOWMAP res=800x600] GPU ms: upload=0.001 compute=0.047 shadow=0.615 (frusta 26.0/42) lighting=0.256 composite=0.014 total=0.932 | VRAM MiB: gpu=563.8 tex=442.8 swap=87.8 staging=0.0 | shadowAtlas(resident)=378.0
22:10:10 INFO  [frame] 652.2 fps  1.533 ms wall
22:10:10 INFO  [frametime] n=128 min=0.531 p50=1.434 p90=2.303 p99=3.183 p999=3.425 max=3.458 ms
22:10:10 INFO  [profile mode=SHADOWMAP res=800x600] GPU ms: upload=0.001 compute=0.047 shadow=0.613 (frusta 26.0/42) lighting=0.255 composite=0.014 total=0.930 | VRAM MiB: gpu=563.8 tex=442.8 swap=87.8 staging=0.0 | shadowAtlas(resident)=378.0
22:10:10 INFO  [frame] 650.3 fps  1.538 ms wall
22:10:10 INFO  [frametime] n=128 min=0.587 p50=1.431 p90=2.300 p99=2.986 p999=3.383 max=3.427 ms
22:10:10 INFO  [profile mode=SHADOWMAP res=800x600] GPU ms: upload=0.001 compute=0.047 shadow=0.611 (frusta 26.0/42) lighting=0.251 composite=0.014 total=0.924 | VRAM MiB: gpu=563.8 tex=442.8 swap=87.8 staging=0.0 | shadowAtlas(resident)=378.0
22:10:10 INFO  [frame] 651.8 fps  1.534 ms wall
22:10:10 INFO  [frametime] n=128 min=0.564 p50=1.425 p90=2.231 p99=3.005 p999=3.182 max=3.205 ms
22:10:10 INFO  [profile mode=SHADOWMAP res=800x600] GPU ms: upload=0.001 compute=0.046 shadow=0.600 (frusta 26.0/42) lighting=0.254 composite=0.014 total=0.915 | VRAM MiB: gpu=563.8 tex=442.8 swap=87.8 staging=0.0 | shadowAtlas(resident)=378.0
22:10:11 INFO  [frame] 653.0 fps  1.532 ms wall
22:10:11 INFO  [frametime] n=128 min=0.516 p50=1.422 p90=2.236 p99=2.845 p999=3.110 max=3.145 ms
22:10:11 INFO  [profile mode=SHADOWMAP res=800x600] GPU ms: upload=0.001 compute=0.046 shadow=0.600 (frusta 26.0/42) lighting=0.249 composite=0.014 total=0.910 | VRAM MiB: gpu=563.8 tex=442.8 swap=87.8 staging=0.0 | shadowAtlas(resident)=378.0
22:10:11 INFO  [frame] 663.1 fps  1.508 ms wall
22:10:11 INFO  [frametime] n=128 min=0.574 p50=1.387 p90=1.999 p99=3.111 p999=3.412 max=3.454 ms
22:10:11 INFO  [profile mode=SHADOWMAP res=800x600] GPU ms: upload=0.001 compute=0.047 shadow=0.568 (frusta 26.0/42) lighting=0.249 composite=0.014 total=0.878 | VRAM MiB: gpu=563.8 tex=442.8 swap=87.8 staging=0.0 | shadowAtlas(resident)=378.0
22:10:11 INFO  [frame] 664.5 fps  1.505 ms wall
22:10:11 INFO  [frametime] n=128 min=0.557 p50=1.420 p90=2.077 p99=3.139 p999=3.308 max=3.314 ms
22:10:11 INFO  [profile mode=SHADOWMAP res=800x600] GPU ms: upload=0.001 compute=0.046 shadow=0.603 (frusta 26.0/42) lighting=0.246 composite=0.014 total=0.910 | VRAM MiB: gpu=563.8 tex=442.8 swap=87.8 staging=0.0 | shadowAtlas(resident)=378.0
22:10:11 INFO  [frame] 661.7 fps  1.511 ms wall
22:10:11 INFO  [frametime] n=128 min=0.596 p50=1.413 p90=2.041 p99=2.967 p999=3.331 max=3.378 ms
22:10:11 INFO  [profile mode=SHADOWMAP res=800x600] GPU ms: upload=0.001 compute=0.046 shadow=0.587 (frusta 26.0/42) lighting=0.243 composite=0.014 total=0.890 | VRAM MiB: gpu=563.8 tex=442.8 swap=87.8 staging=0.0 | shadowAtlas(resident)=378.0
22:10:11 INFO  [frame] 679.6 fps  1.471 ms wall
22:10:11 INFO  [frametime] n=128 min=0.508 p50=1.419 p90=2.083 p99=2.843 p999=3.186 max=3.230 ms
22:10:11 INFO  [profile mode=SHADOWMAP res=800x600] GPU ms: upload=0.001 compute=0.046 shadow=0.576 (frusta 26.0/42) lighting=0.256 composite=0.014 total=0.893 | VRAM MiB: gpu=563.8 tex=442.8 swap=87.8 staging=0.0 | shadowAtlas(resident)=378.0
22:10:12 INFO  [frame] 648.2 fps  1.543 ms wall
22:10:12 INFO  [frametime] n=128 min=0.528 p50=1.413 p90=2.188 p99=3.129 p999=3.234 max=3.243 ms
22:10:12 INFO  [profile mode=SHADOWMAP res=800x600] GPU ms: upload=0.001 compute=0.046 shadow=0.615 (frusta 26.0/42) lighting=0.262 composite=0.014 total=0.938 | VRAM MiB: gpu=563.8 tex=442.8 swap=87.8 staging=0.0 | shadowAtlas(resident)=378.0
22:10:12 INFO  [frame] 661.7 fps  1.511 ms wall
22:10:12 INFO  [frametime] n=128 min=0.457 p50=1.488 p90=2.107 p99=3.153 p999=3.375 max=3.385 ms
22:10:12 INFO  [profile mode=SHADOWMAP res=800x600] GPU ms: upload=0.001 compute=0.047 shadow=0.578 (frusta 26.0/42) lighting=0.264 composite=0.014 total=0.902 | VRAM MiB: gpu=563.8 tex=442.8 swap=87.8 staging=0.0 | shadowAtlas(resident)=378.0
22:10:12 INFO  [frame] 659.3 fps  1.517 ms wall
22:10:12 INFO  [frametime] n=128 min=0.596 p50=1.395 p90=2.134 p99=2.863 p999=3.146 max=3.186 ms
22:10:12 INFO  [profile mode=SHADOWMAP res=800x600] GPU ms: upload=0.001 compute=0.047 shadow=0.584 (frusta 26.0/42) lighting=0.267 composite=0.014 total=0.912 | VRAM MiB: gpu=563.8 tex=442.8 swap=87.8 staging=0.0 | shadowAtlas(resident)=378.0
22:10:12 INFO  [frame] 651.5 fps  1.535 ms wall
22:10:12 INFO  [frametime] n=128 min=0.507 p50=1.409 p90=2.185 p99=3.027 p999=3.384 max=3.427 ms
22:10:12 INFO  [profile mode=SHADOWMAP res=800x600] GPU ms: upload=0.001 compute=0.047 shadow=0.593 (frusta 26.0/42) lighting=0.267 composite=0.014 total=0.920 | VRAM MiB: gpu=563.8 tex=442.8 swap=87.8 staging=0.0 | shadowAtlas(resident)=378.0
22:10:12 INFO  [frame] 654.9 fps  1.527 ms wall
22:10:12 INFO  [frametime] n=128 min=0.551 p50=1.427 p90=2.200 p99=3.104 p999=3.179 max=3.185 ms
22:10:12 INFO  [profile mode=SHADOWMAP res=800x600] GPU ms: upload=0.001 compute=0.047 shadow=0.579 (frusta 26.0/42) lighting=0.264 composite=0.014 total=0.903 | VRAM MiB: gpu=563.8 tex=442.8 swap=87.8 staging=0.0 | shadowAtlas(resident)=378.0
22:10:13 INFO  [frame] 652.5 fps  1.532 ms wall
22:10:13 INFO  [frametime] n=128 min=0.482 p50=1.450 p90=2.271 p99=2.976 p999=3.117 max=3.135 ms
22:10:13 INFO  [profile mode=SHADOWMAP res=800x600] GPU ms: upload=0.001 compute=0.046 shadow=0.609 (frusta 26.0/42) lighting=0.263 composite=0.014 total=0.933 | VRAM MiB: gpu=563.8 tex=442.8 swap=87.8 staging=0.0 | shadowAtlas(resident)=378.0
22:10:13 INFO  [frame] 664.8 fps  1.504 ms wall
22:10:13 INFO  [frametime] n=128 min=0.544 p50=1.383 p90=2.181 p99=2.786 p999=2.801 max=2.803 ms
22:10:13 INFO  [profile mode=SHADOWMAP res=800x600] GPU ms: upload=0.001 compute=0.047 shadow=0.571 (frusta 26.0/42) lighting=0.262 composite=0.014 total=0.895 | VRAM MiB: gpu=563.8 tex=442.8 swap=87.8 staging=0.0 | shadowAtlas(resident)=378.0
22:10:13 INFO  [frame] 688.3 fps  1.453 ms wall
22:10:13 INFO  [frametime] n=128 min=0.526 p50=1.361 p90=1.785 p99=2.994 p999=3.148 max=3.159 ms
22:10:13 INFO  [profile mode=SHADOWMAP res=800x600] GPU ms: upload=0.001 compute=0.046 shadow=0.559 (frusta 26.0/42) lighting=0.263 composite=0.014 total=0.883 | VRAM MiB: gpu=563.8 tex=442.8 swap=87.8 staging=0.0 | shadowAtlas(resident)=378.0
22:10:13 INFO  [frame] 661.7 fps  1.511 ms wall
22:10:13 INFO  [frametime] n=128 min=1.253 p50=1.376 p90=1.946 p99=2.859 p999=3.023 max=3.043 ms
22:10:13 INFO  [profile mode=SHADOWMAP res=800x600] GPU ms: upload=0.001 compute=0.047 shadow=0.574 (frusta 26.0/42) lighting=0.263 composite=0.014 total=0.898 | VRAM MiB: gpu=563.8 tex=442.8 swap=87.8 staging=0.0 | shadowAtlas(resident)=378.0
22:10:13 INFO  [frame] 679.1 fps  1.473 ms wall
22:10:13 INFO  [frametime] n=128 min=0.531 p50=1.349 p90=1.890 p99=3.161 p999=3.173 max=3.174 ms
22:10:13 INFO  [profile mode=SHADOWMAP res=800x600] GPU ms: upload=0.001 compute=0.047 shadow=0.563 (frusta 26.0/42) lighting=0.267 composite=0.014 total=0.891 | VRAM MiB: gpu=563.8 tex=442.8 swap=87.8 staging=0.0 | shadowAtlas(resident)=378.0
22:10:13 INFO  [frame] 670.6 fps  1.491 ms wall
22:10:13 INFO  [frametime] n=128 min=0.485 p50=1.359 p90=1.914 p99=2.928 p999=3.099 max=3.124 ms
22:10:13 INFO  [profile mode=SHADOWMAP res=800x600] GPU ms: upload=0.001 compute=0.047 shadow=0.592 (frusta 26.0/42) lighting=0.265 composite=0.014 total=0.918 | VRAM MiB: gpu=563.8 tex=442.8 swap=87.8 staging=0.0 | shadowAtlas(resident)=378.0
22:10:14 INFO  [frame] 666.8 fps  1.500 ms wall
22:10:14 INFO  [frametime] n=128 min=0.517 p50=1.367 p90=2.287 p99=3.252 p999=3.560 max=3.592 ms
22:10:14 INFO  [profile mode=SHADOWMAP res=800x600] GPU ms: upload=0.001 compute=0.047 shadow=0.577 (frusta 26.0/42) lighting=0.260 composite=0.014 total=0.898 | VRAM MiB: gpu=563.8 tex=442.8 swap=87.8 staging=0.0 | shadowAtlas(resident)=378.0
22:10:14 INFO  [frame] 680.7 fps  1.469 ms wall
22:10:14 INFO  [frametime] n=128 min=0.479 p50=1.359 p90=1.778 p99=2.748 p999=2.923 max=2.937 ms
22:10:14 INFO  [profile mode=SHADOWMAP res=800x600] GPU ms: upload=0.001 compute=0.047 shadow=0.564 (frusta 26.0/42) lighting=0.255 composite=0.014 total=0.881 | VRAM MiB: gpu=563.8 tex=442.8 swap=87.8 staging=0.0 | shadowAtlas(resident)=378.0
22:10:14 INFO  [frame] 662.2 fps  1.510 ms wall
22:10:14 INFO  [frametime] n=128 min=0.555 p50=1.381 p90=2.084 p99=3.130 p999=3.192 max=3.199 ms
22:10:14 INFO  [profile mode=SHADOWMAP res=800x600] GPU ms: upload=0.001 compute=0.047 shadow=0.594 (frusta 26.0/42) lighting=0.259 composite=0.014 total=0.914 | VRAM MiB: gpu=563.8 tex=442.8 swap=87.8 staging=0.0 | shadowAtlas(resident)=378.0
22:10:14 INFO  [frame] 673.2 fps  1.485 ms wall
22:10:14 INFO  [frametime] n=128 min=0.538 p50=1.379 p90=1.969 p99=2.784 p999=3.248 max=3.313 ms
22:10:14 INFO  [profile mode=SHADOWMAP res=800x600] GPU ms: upload=0.001 compute=0.047 shadow=0.573 (frusta 26.0/42) lighting=0.260 composite=0.014 total=0.894 | VRAM MiB: gpu=563.8 tex=442.8 swap=87.8 staging=0.0 | shadowAtlas(resident)=378.0
22:10:14 INFO  [frame] 671.5 fps  1.489 ms wall
22:10:14 INFO  [frametime] n=128 min=0.595 p50=1.365 p90=2.029 p99=2.982 p999=3.154 max=3.172 ms
22:10:14 INFO  [profile mode=SHADOWMAP res=800x600] GPU ms: upload=0.001 compute=0.047 shadow=0.569 (frusta 26.0/42) lighting=0.260 composite=0.014 total=0.890 | VRAM MiB: gpu=563.8 tex=442.8 swap=87.8 staging=0.0 | shadowAtlas(resident)=378.0
22:10:15 INFO  [frame] 649.9 fps  1.539 ms wall
22:10:15 INFO  [frametime] n=128 min=0.580 p50=1.407 p90=2.149 p99=3.244 p999=3.325 max=3.325 ms
22:10:15 INFO  [profile mode=SHADOWMAP res=800x600] GPU ms: upload=0.001 compute=0.047 shadow=0.600 (frusta 26.0/42) lighting=0.264 composite=0.014 total=0.926 | VRAM MiB: gpu=563.8 tex=442.8 swap=87.8 staging=0.0 | shadowAtlas(resident)=378.0
22:10:15 INFO  [frame] 651.4 fps  1.535 ms wall
22:10:15 INFO  [frametime] n=128 min=0.504 p50=1.397 p90=2.285 p99=2.961 p999=3.293 max=3.336 ms
22:10:15 INFO  [profile mode=SHADOWMAP res=800x600] GPU ms: upload=0.001 compute=0.046 shadow=0.597 (frusta 26.0/42) lighting=0.269 composite=0.014 total=0.928 | VRAM MiB: gpu=563.8 tex=442.8 swap=87.8 staging=0.0 | shadowAtlas(resident)=378.0
22:10:15 INFO  [frame] 667.2 fps  1.499 ms wall
22:10:15 INFO  [frametime] n=128 min=0.491 p50=1.422 p90=2.148 p99=3.119 p999=3.208 max=3.213 ms
22:10:15 INFO  [profile mode=SHADOWMAP res=800x600] GPU ms: upload=0.001 compute=0.046 shadow=0.573 (frusta 26.0/42) lighting=0.270 composite=0.014 total=0.903 | VRAM MiB: gpu=563.8 tex=442.8 swap=87.8 staging=0.0 | shadowAtlas(resident)=378.0
22:10:15 INFO  [frame] 655.4 fps  1.526 ms wall
22:10:15 INFO  [frametime] n=128 min=0.515 p50=1.423 p90=2.186 p99=3.214 p999=3.539 max=3.586 ms
22:10:15 INFO  [profile mode=SHADOWMAP res=800x600] GPU ms: upload=0.001 compute=0.046 shadow=0.616 (frusta 26.0/42) lighting=0.267 composite=0.014 total=0.944 | VRAM MiB: gpu=563.8 tex=442.8 swap=87.8 staging=0.0 | shadowAtlas(resident)=378.0
22:10:15 INFO  [frame] 663.5 fps  1.507 ms wall
22:10:15 INFO  [frametime] n=128 min=0.504 p50=1.395 p90=2.266 p99=3.098 p999=3.347 max=3.368 ms
22:10:15 INFO  [profile mode=SHADOWMAP res=800x600] GPU ms: upload=0.001 compute=0.046 shadow=0.595 (frusta 26.0/42) lighting=0.266 composite=0.014 total=0.921 | VRAM MiB: gpu=563.8 tex=442.8 swap=87.8 staging=0.0 | shadowAtlas(resident)=378.0
22:10:16 INFO  [frame] 658.1 fps  1.520 ms wall
22:10:16 INFO  [frametime] n=128 min=0.509 p50=1.406 p90=2.248 p99=2.839 p999=3.303 max=3.369 ms
22:10:16 INFO  [profile mode=SHADOWMAP res=800x600] GPU ms: upload=0.001 compute=0.047 shadow=0.588 (frusta 26.0/42) lighting=0.268 composite=0.014 total=0.918 | VRAM MiB: gpu=563.8 tex=442.8 swap=87.8 staging=0.0 | shadowAtlas(resident)=378.0
22:10:16 INFO  [frame] 668.8 fps  1.495 ms wall
22:10:16 INFO  [frametime] n=128 min=0.491 p50=1.391 p90=2.277 p99=3.278 p999=3.556 max=3.573 ms
22:10:16 INFO  [profile mode=SHADOWMAP res=800x600] GPU ms: upload=0.001 compute=0.047 shadow=0.579 (frusta 26.0/42) lighting=0.267 composite=0.014 total=0.907 | VRAM MiB: gpu=563.8 tex=442.8 swap=87.8 staging=0.0 | shadowAtlas(resident)=378.0
22:10:16 INFO  [frame] 648.6 fps  1.542 ms wall
22:10:16 INFO  [frametime] n=128 min=0.493 p50=1.417 p90=2.201 p99=3.195 p999=3.289 max=3.299 ms
22:10:16 INFO  [profile mode=SHADOWMAP res=800x600] GPU ms: upload=0.001 compute=0.047 shadow=0.603 (frusta 26.0/42) lighting=0.267 composite=0.014 total=0.931 | VRAM MiB: gpu=563.8 tex=442.8 swap=87.8 staging=0.0 | shadowAtlas(resident)=378.0
22:10:16 INFO  [frame] 661.5 fps  1.512 ms wall
22:10:16 INFO  [frametime] n=128 min=0.499 p50=1.385 p90=2.278 p99=3.094 p999=3.216 max=3.223 ms
22:10:16 INFO  [profile mode=SHADOWMAP res=800x600] GPU ms: upload=0.001 compute=0.047 shadow=0.583 (frusta 26.0/42) lighting=0.265 composite=0.014 total=0.909 | VRAM MiB: gpu=563.8 tex=442.8 swap=87.8 staging=0.0 | shadowAtlas(resident)=378.0
22:10:16 INFO  [frame] 653.0 fps  1.531 ms wall
22:10:16 INFO  [frametime] n=128 min=0.610 p50=1.436 p90=2.287 p99=2.856 p999=2.903 max=2.908 ms
22:10:16 INFO  [profile mode=SHADOWMAP res=800x600] GPU ms: upload=0.001 compute=0.046 shadow=0.602 (frusta 26.0/42) lighting=0.260 composite=0.014 total=0.923 | VRAM MiB: gpu=563.8 tex=442.8 swap=87.8 staging=0.0 | shadowAtlas(resident)=378.0
22:10:17 INFO  [frame] 687.8 fps  1.454 ms wall
22:10:17 INFO  [frametime] n=128 min=0.407 p50=1.347 p90=1.730 p99=2.841 p999=3.209 max=3.259 ms
22:10:17 INFO  [profile mode=SHADOWMAP res=800x600] GPU ms: upload=0.001 compute=0.047 shadow=0.565 (frusta 26.0/42) lighting=0.256 composite=0.014 total=0.883 | VRAM MiB: gpu=563.8 tex=442.8 swap=87.8 staging=0.0 | shadowAtlas(resident)=378.0
22:10:17 INFO  [frame] 702.1 fps  1.424 ms wall
22:10:17 INFO  [frametime] n=128 min=0.526 p50=1.354 p90=1.736 p99=2.160 p999=2.802 max=2.891 ms
22:10:17 INFO  [profile mode=SHADOWMAP res=800x600] GPU ms: upload=0.001 compute=0.047 shadow=0.535 (frusta 26.0/42) lighting=0.256 composite=0.014 total=0.852 | VRAM MiB: gpu=563.8 tex=442.8 swap=87.8 staging=0.0 | shadowAtlas(resident)=378.0
22:10:17 INFO  [frame] 677.0 fps  1.477 ms wall
22:10:17 INFO  [frametime] n=128 min=0.515 p50=1.355 p90=1.811 p99=2.861 p999=2.940 max=2.947 ms
22:10:17 INFO  [profile mode=SHADOWMAP res=800x600] GPU ms: upload=0.001 compute=0.048 shadow=0.559 (frusta 26.0/42) lighting=0.252 composite=0.014 total=0.873 | VRAM MiB: gpu=563.8 tex=442.8 swap=87.8 staging=0.0 | shadowAtlas(resident)=378.0
22:10:17 INFO  [frame] 672.0 fps  1.488 ms wall
22:10:17 INFO  [frametime] n=128 min=0.809 p50=1.355 p90=1.847 p99=2.776 p999=3.038 max=3.070 ms
22:10:17 INFO  [profile mode=SHADOWMAP res=800x600] GPU ms: upload=0.001 compute=0.047 shadow=0.576 (frusta 26.0/42) lighting=0.249 composite=0.014 total=0.887 | VRAM MiB: gpu=563.8 tex=442.8 swap=87.8 staging=0.0 | shadowAtlas(resident)=378.0
22:10:17 INFO  [frame] 668.9 fps  1.495 ms wall
22:10:17 INFO  [frametime] n=128 min=0.506 p50=1.412 p90=1.932 p99=2.670 p999=3.067 max=3.123 ms
22:10:17 INFO  [profile mode=SHADOWMAP res=800x600] GPU ms: upload=0.001 compute=0.047 shadow=0.556 (frusta 26.0/42) lighting=0.249 composite=0.014 total=0.865 | VRAM MiB: gpu=563.8 tex=442.8 swap=87.8 staging=0.0 | shadowAtlas(resident)=378.0
22:10:17 INFO  [frame] 667.5 fps  1.498 ms wall
22:10:17 INFO  [frametime] n=128 min=0.610 p50=1.390 p90=2.094 p99=2.668 p999=2.745 max=2.754 ms
22:10:17 INFO  [profile mode=SHADOWMAP res=800x600] GPU ms: upload=0.001 compute=0.047 shadow=0.580 (frusta 26.0/42) lighting=0.249 composite=0.014 total=0.891 | VRAM MiB: gpu=563.8 tex=442.8 swap=87.8 staging=0.0 | shadowAtlas(resident)=378.0
22:10:18 INFO  [frame] 678.1 fps  1.475 ms wall
22:10:18 INFO  [frametime] n=128 min=0.504 p50=1.393 p90=1.965 p99=2.416 p999=2.669 max=2.706 ms
22:10:18 INFO  [profile mode=SHADOWMAP res=800x600] GPU ms: upload=0.001 compute=0.047 shadow=0.567 (frusta 26.0/42) lighting=0.253 composite=0.014 total=0.882 | VRAM MiB: gpu=563.8 tex=442.8 swap=87.8 staging=0.0 | shadowAtlas(resident)=378.0
22:10:18 INFO  [frame] 657.1 fps  1.522 ms wall
22:10:18 INFO  [frametime] n=128 min=0.529 p50=1.511 p90=2.292 p99=3.192 p999=3.324 max=3.341 ms
22:10:18 INFO  [profile mode=SHADOWMAP res=800x600] GPU ms: upload=0.001 compute=0.047 shadow=0.617 (frusta 26.0/42) lighting=0.257 composite=0.014 total=0.935 | VRAM MiB: gpu=563.8 tex=442.8 swap=87.8 staging=0.0 | shadowAtlas(resident)=378.0
22:10:18 INFO  [frame] 664.7 fps  1.504 ms wall
22:10:18 INFO  [frametime] n=128 min=0.555 p50=1.446 p90=2.043 p99=2.727 p999=2.819 max=2.831 ms
22:10:18 INFO  [profile mode=SHADOWMAP res=800x600] GPU ms: upload=0.001 compute=0.046 shadow=0.581 (frusta 26.0/42) lighting=0.262 composite=0.014 total=0.903 | VRAM MiB: gpu=563.8 tex=442.8 swap=87.8 staging=0.0 | shadowAtlas(resident)=378.0
22:10:18 INFO  [frame] 672.2 fps  1.488 ms wall
22:10:18 INFO  [frametime] n=128 min=0.473 p50=1.394 p90=2.067 p99=3.128 p999=3.229 max=3.239 ms
22:10:18 INFO  [profile mode=SHADOWMAP res=800x600] GPU ms: upload=0.001 compute=0.046 shadow=0.579 (frusta 26.0/42) lighting=0.263 composite=0.014 total=0.903 | VRAM MiB: gpu=563.8 tex=442.8 swap=87.8 staging=0.0 | shadowAtlas(resident)=378.0
